<?xml version="1.0" encoding="UTF-8"?>
<testng-results ignored="0" total="1" passed="1" failed="0" skipped="0">
  <reporter-output>
  </reporter-output>
  <suite started-at="2024-07-12T10:40:40 IST" name="Default suite" finished-at="2024-07-12T10:41:17 IST" duration-ms="37046">
    <groups>
    </groups>
    <test started-at="2024-07-12T10:40:40 IST" name="Default test" finished-at="2024-07-12T10:41:17 IST" duration-ms="37046">
      <class name="Organization.CreateOrganizationTest">
        <test-method is-config="true" signature="bs()[pri:0, instance:Organization.CreateOrganizationTest@3f4faf53]" started-at="2024-07-12T10:40:40 IST" name="bs" finished-at="2024-07-12T10:40:40 IST" duration-ms="50" status="PASS">
          <reporter-output>
          </reporter-output>
        </test-method> <!-- bs -->
        <test-method is-config="true" signature="bt()[pri:0, instance:Organization.CreateOrganizationTest@3f4faf53]" started-at="2024-07-12T10:40:41 IST" name="bt" finished-at="2024-07-12T10:40:41 IST" duration-ms="1" status="PASS">
          <reporter-output>
          </reporter-output>
        </test-method> <!-- bt -->
        <test-method is-config="true" signature="bc()[pri:0, instance:Organization.CreateOrganizationTest@3f4faf53]" started-at="2024-07-12T10:40:41 IST" name="bc" finished-at="2024-07-12T10:40:49 IST" duration-ms="7411" status="PASS">
          <reporter-output>
          </reporter-output>
        </test-method> <!-- bc -->
        <test-method is-config="true" signature="bm()[pri:0, instance:Organization.CreateOrganizationTest@3f4faf53]" started-at="2024-07-12T10:40:49 IST" name="bm" finished-at="2024-07-12T10:40:54 IST" duration-ms="5682" status="PASS">
          <reporter-output>
          </reporter-output>
        </test-method> <!-- bm -->
        <test-method signature="createOrganizationTest()[pri:0, instance:Organization.CreateOrganizationTest@3f4faf53]" started-at="2024-07-12T10:40:54 IST" name="createOrganizationTest" finished-at="2024-07-12T10:41:11 IST" duration-ms="16606" status="PASS">
          <reporter-output>
          </reporter-output>
        </test-method> <!-- createOrganizationTest -->
        <test-method is-config="true" signature="am()[pri:0, instance:Organization.CreateOrganizationTest@3f4faf53]" started-at="2024-07-12T10:41:11 IST" name="am" finished-at="2024-07-12T10:41:17 IST" duration-ms="6282" status="PASS">
          <reporter-output>
          </reporter-output>
        </test-method> <!-- am -->
        <test-method is-config="true" signature="ac()[pri:0, instance:Organization.CreateOrganizationTest@3f4faf53]" started-at="2024-07-12T10:41:17 IST" name="ac" finished-at="2024-07-12T10:41:17 IST" duration-ms="217" status="PASS">
          <reporter-output>
          </reporter-output>
        </test-method> <!-- ac -->
        <test-method is-config="true" signature="at()[pri:0, instance:Organization.CreateOrganizationTest@3f4faf53]" started-at="2024-07-12T10:41:17 IST" name="at" finished-at="2024-07-12T10:41:17 IST" duration-ms="0" status="PASS">
          <reporter-output>
          </reporter-output>
        </test-method> <!-- at -->
        <test-method is-config="true" signature="as()[pri:0, instance:Organization.CreateOrganizationTest@3f4faf53]" started-at="2024-07-12T10:41:18 IST" name="as" finished-at="2024-07-12T10:41:18 IST" duration-ms="310" status="PASS">
          <reporter-output>
          </reporter-output>
        </test-method> <!-- as -->
      </class> <!-- Organization.CreateOrganizationTest -->
    </test> <!-- Default test -->
  </suite> <!-- Default suite -->
</testng-results>
