<?xml version="1.0" encoding="UTF-8"?>
<!-- Generated by org.testng.reporters.JUnitXMLReporter -->
<testsuite ignored="5" hostname="TYSS-Shobha" failures="0" tests="2" name="TestRunner2" time="78.261" errors="0" timestamp="2024-06-24T11:46:55 IST">
  <testcase classname="Organization.CreateOrganizationTest" name="createOrganizationTest" time="28.473"/>
  <testcase classname="Campaign.CreateCampaignTest" name="createCampaignTest" time="9.512"/>
  <testcase classname="Generic_Utilities.BaseClass" name="@BeforeTest bt" time="0.0">
    <ignored/>
  </testcase> <!-- @BeforeTest bt -->
  <testcase classname="Generic_Utilities.BaseClass" name="@AfterSuite as" time="0.0">
    <ignored/>
  </testcase> <!-- @AfterSuite as -->
  <testcase classname="Generic_Utilities.BaseClass" name="@BeforeSuite bs" time="0.0">
    <ignored/>
  </testcase> <!-- @BeforeSuite bs -->
  <testcase classname="Generic_Utilities.BaseClass" name="@AfterTest at" time="0.0">
    <ignored/>
  </testcase> <!-- @AfterTest at -->
  <testcase classname="Organization.CreateOrganizationTest" name="createProductTest" time="0.0">
    <ignored/>
  </testcase> <!-- createProductTest -->
</testsuite> <!-- TestRunner2 -->
